Using pre-set license
Built from '2020.3/staging' branch; Version is '2020.3.23f1 (c5d91304a876) revision 12966163'; Using compiler version '192528614'; Build Type 'Release'
OS: 'Windows 10 Home Single Language; OS build 19044.1415; Version 2009; 64bit' Language: 'en' Physical Memory: 16226 MB
BatchMode: 1, IsHumanControllingUs: 0, StartBugReporterOnCrash: 0, Is64bit: 1, IsPro: 0

COMMAND LINE ARGUMENTS:
C:\Program Files\Unity\Hub\Editor\2020.3.23f1\Editor\Unity.exe
-adb2
-batchMode
-noUpm
-name
AssetImportWorker0
-projectPath
D:/All work in major 3 term 2/Cs 222/SuperRetroShooter/SuperRetroShooter_Starter
-logFile
Logs/AssetImportWorker0.log
-srvPort
60626
Successfully changed project path to: D:/All work in major 3 term 2/Cs 222/SuperRetroShooter/SuperRetroShooter_Starter
D:/All work in major 3 term 2/Cs 222/SuperRetroShooter/SuperRetroShooter_Starter
Using Asset Import Pipeline V2.
Refreshing native plugins compatible for Editor in 31.63 ms, found 2 plugins.
Preloading 0 native plugins for Editor in 0.00 ms.
Initialize engine version: 2020.3.23f1 (c5d91304a876)
[Subsystems] Discovering subsystems at path C:/Program Files/Unity/Hub/Editor/2020.3.23f1/Editor/Data/Resources/UnitySubsystems
[Subsystems] Discovering subsystems at path D:/All work in major 3 term 2/Cs 222/SuperRetroShooter/SuperRetroShooter_Starter/Assets
GfxDevice: creating device client; threaded=0
Direct3D:
    Version:  Direct3D 11.0 [level 11.1]
    Renderer: NVIDIA GeForce GTX 1060 (ID=0x1c20)
    Vendor:   
    VRAM:     6052 MB
    Driver:   30.0.14.9729
Initialize mono
Mono path[0] = 'C:/Program Files/Unity/Hub/Editor/2020.3.23f1/Editor/Data/Managed'
Mono path[1] = 'C:/Program Files/Unity/Hub/Editor/2020.3.23f1/Editor/Data/MonoBleedingEdge/lib/mono/unityjit'
Mono config path = 'C:/Program Files/Unity/Hub/Editor/2020.3.23f1/Editor/Data/MonoBleedingEdge/etc'
Using monoOptions --debugger-agent=transport=dt_socket,embedding=1,server=y,suspend=n,address=127.0.0.1:56064
Begin MonoManager ReloadAssembly
Registering precompiled unity dll's ...
Register platform support module: C:/Program Files/Unity/Hub/Editor/2020.3.23f1/Editor/Data/PlaybackEngines/WebGLSupport/UnityEditor.WebGL.Extensions.dll
Register platform support module: C:/Program Files/Unity/Hub/Editor/2020.3.23f1/Editor/Data/PlaybackEngines/WindowsStandaloneSupport/UnityEditor.WindowsStandalone.Extensions.dll
Registered in 0.002323 seconds.
Native extension for WindowsStandalone target not found
Native extension for WebGL target not found
Refreshing native plugins compatible for Editor in 28.94 ms, found 2 plugins.
Preloading 0 native plugins for Editor in 0.00 ms.
Mono: successfully reloaded assembly
- Completed reload, in  0.539 seconds
Domain Reload Profiling:
	ReloadAssembly (540ms)
		BeginReloadAssembly (53ms)
			ExecutionOrderSort (0ms)
			DisableScriptedObjects (0ms)
			BackupInstance (0ms)
			ReleaseScriptingObjects (0ms)
			CreateAndSetChildDomain (1ms)
		EndReloadAssembly (415ms)
			LoadAssemblies (51ms)
			RebuildTransferFunctionScriptingTraits (0ms)
			SetupTypeCache (144ms)
			ReleaseScriptCaches (0ms)
			RebuildScriptCaches (30ms)
			SetupLoadedEditorAssemblies (145ms)
				LogAssemblyErrors (0ms)
				InitializePlatformSupportModulesInManaged (5ms)
				SetLoadedEditorAssemblies (0ms)
				RefreshPlugins (29ms)
				BeforeProcessingInitializeOnLoad (12ms)
				ProcessInitializeOnLoadAttributes (73ms)
				ProcessInitializeOnLoadMethodAttributes (25ms)
				AfterProcessingInitializeOnLoad (0ms)
				EditorAssembliesLoaded (0ms)
			ExecutionOrderSort2 (0ms)
			AwakeInstancesAfterBackupRestoration (0ms)
Platform modules already initialized, skipping
Registering precompiled user dll's ...
Registered in 0.002974 seconds.
Begin MonoManager ReloadAssembly
Native extension for WindowsStandalone target not found
Native extension for WebGL target not found
Refreshing native plugins compatible for Editor in 0.94 ms, found 2 plugins.
Preloading 0 native plugins for Editor in 0.00 ms.
Mono: successfully reloaded assembly
- Completed reload, in  0.939 seconds
Domain Reload Profiling:
	ReloadAssembly (939ms)
		BeginReloadAssembly (133ms)
			ExecutionOrderSort (0ms)
			DisableScriptedObjects (4ms)
			BackupInstance (0ms)
			ReleaseScriptingObjects (0ms)
			CreateAndSetChildDomain (18ms)
		EndReloadAssembly (749ms)
			LoadAssemblies (78ms)
			RebuildTransferFunctionScriptingTraits (0ms)
			SetupTypeCache (265ms)
			ReleaseScriptCaches (0ms)
			RebuildScriptCaches (39ms)
			SetupLoadedEditorAssemblies (281ms)
				LogAssemblyErrors (0ms)
				InitializePlatformSupportModulesInManaged (5ms)
				SetLoadedEditorAssemblies (0ms)
				RefreshPlugins (1ms)
				BeforeProcessingInitializeOnLoad (89ms)
				ProcessInitializeOnLoadAttributes (171ms)
				ProcessInitializeOnLoadMethodAttributes (8ms)
				AfterProcessingInitializeOnLoad (6ms)
				EditorAssembliesLoaded (0ms)
			ExecutionOrderSort2 (0ms)
			AwakeInstancesAfterBackupRestoration (6ms)
Platform modules already initialized, skipping
========================================================================
Worker process is ready to serve import requests
Launched and connected shader compiler UnityShaderCompiler.exe after 0.08 seconds
Refreshing native plugins compatible for Editor in 0.35 ms, found 2 plugins.
Preloading 0 native plugins for Editor in 0.00 ms.
Unloading 1509 Unused Serialized files (Serialized files now loaded: 0)
System memory in use before: 69.4 MB.
System memory in use after: 69.4 MB.

Unloading 19 unused Assets to reduce memory usage. Loaded Objects now: 1940.
Total: 3.443600 ms (FindLiveObjects: 0.158600 ms CreateObjectMapping: 0.042200 ms MarkObjects: 3.168900 ms  DeleteObjects: 0.072200 ms)

AssetImportParameters requested are different than current active one (requested -> active):
  custom:framework-win-MediaFoundation: 216162199b28c13a410421893ffa2e32 -> 
  custom:video-decoder-ogg-theora: a1e56fd34408186e4bbccfd4996cb3dc -> 
  custom:container-muxer-webm: aa71ff27fc2769a1b78a27578f13a17b -> 
  custom:container-demuxer-webm: 4f35f7cbe854078d1ac9338744f61a02 -> 
  custom:container-demuxer-ogg: 62fdf1f143b41e24485cea50d1cbac27 -> 
  custom:video-encoder-webm-vp8: eb34c28f22e8b96e1ab97ce403110664 -> 
  custom:video-decoder-webm-vp8: 9c59270c3fd7afecdb556c50c9e8de78 -> 
  custom:audio-decoder-ogg-vorbis: bf7c407c2cedff20999df2af8eb42d56 -> 
  custom:audio-encoder-webm-vorbis: bf7c407c2cedff20999df2af8eb42d56 -> 
========================================================================
Received Import Request.
  path: Assets/Audio/PlayerShoot.wav
  artifactKey: Guid(b4b1aa6470c144a18a413f3d88df2bd8) Importer(815301076,1909f56bfc062723c751e8b465ee728b)
Start importing Assets/Audio/PlayerShoot.wav using Guid(b4b1aa6470c144a18a413f3d88df2bd8) Importer(815301076,1909f56bfc062723c751e8b465ee728b)  -> (artifact id: '78588b47154862d0fb98c81d8e7d238c') in 0.219563 seconds 
  Import took 0.296703 seconds .

========================================================================
Received Import Request.
  Time since last request: 0.000297 seconds.
  path: Assets/Audio/Powerup.wav
  artifactKey: Guid(dafffa01e448749888c0d4b7509bd6b8) Importer(815301076,1909f56bfc062723c751e8b465ee728b)
Start importing Assets/Audio/Powerup.wav using Guid(dafffa01e448749888c0d4b7509bd6b8) Importer(815301076,1909f56bfc062723c751e8b465ee728b)  -> (artifact id: 'a9bdb62ca292cb8f5c42e6260bd12a66') in 0.030379 seconds 
  Import took 0.070102 seconds .

========================================================================
Received Import Request.
  Time since last request: 0.000313 seconds.
  path: Assets/Audio/EnemyShootSmall.wav
  artifactKey: Guid(e68b9e1a60b7045a58e513fda5d176d4) Importer(815301076,1909f56bfc062723c751e8b465ee728b)
Start importing Assets/Audio/EnemyShootSmall.wav using Guid(e68b9e1a60b7045a58e513fda5d176d4) Importer(815301076,1909f56bfc062723c751e8b465ee728b)  -> (artifact id: 'b39fca2f1d634011fd5528c0a2a1c7fe') in 0.023714 seconds 
  Import took 0.028025 seconds .

========================================================================
Received Import Request.
  Time since last request: 0.000249 seconds.
  path: Assets/Audio/Explosion.wav
  artifactKey: Guid(d9ed42a0360914f26ac5e143f07f3eff) Importer(815301076,1909f56bfc062723c751e8b465ee728b)
Start importing Assets/Audio/Explosion.wav using Guid(d9ed42a0360914f26ac5e143f07f3eff) Importer(815301076,1909f56bfc062723c751e8b465ee728b)  -> (artifact id: '872c6d9ce0ed3f32ce61a63801a6a9b6') in 0.025499 seconds 
  Import took 0.042512 seconds .

========================================================================
Received Import Request.
  Time since last request: 0.000260 seconds.
  path: Assets/Audio/bensound-scifi.mp3
  artifactKey: Guid(ba412193fb3b74d9a98fd8276767ed16) Importer(815301076,1909f56bfc062723c751e8b465ee728b)
Start importing Assets/Audio/bensound-scifi.mp3 using Guid(ba412193fb3b74d9a98fd8276767ed16) Importer(815301076,1909f56bfc062723c751e8b465ee728b)  -> (artifact id: '71d9d5f37ba2099ec5385c804160f5f5') in 0.030305 seconds 
  Import took 0.033321 seconds .

========================================================================
Received Import Request.
  Time since last request: 0.229860 seconds.
  path: Assets/Sprites/Bullet.png
  artifactKey: Guid(57f9bb165f81e4b0c8d61d928fc0dd75) Importer(815301076,1909f56bfc062723c751e8b465ee728b)
Start importing Assets/Sprites/Bullet.png using Guid(57f9bb165f81e4b0c8d61d928fc0dd75) Importer(815301076,1909f56bfc062723c751e8b465ee728b)  -> (artifact id: '7fe57cb88cf976e405f0f939e9740f35') in 0.082870 seconds 
  Import took 0.097406 seconds .

========================================================================
Received Import Request.
  Time since last request: 0.000290 seconds.
  path: Assets/Sprites/space-ring-planet.png
  artifactKey: Guid(b92fcc0d99daf4d91960fc696f2a9b3b) Importer(815301076,1909f56bfc062723c751e8b465ee728b)
Start importing Assets/Sprites/space-ring-planet.png using Guid(b92fcc0d99daf4d91960fc696f2a9b3b) Importer(815301076,1909f56bfc062723c751e8b465ee728b)  -> (artifact id: '8248fd5d6ea7667272201fa46bc2f1a3') in 0.021629 seconds 
  Import took 0.041278 seconds .

========================================================================
Received Import Request.
  Time since last request: 0.000277 seconds.
  path: Assets/Sprites/Powerup.png
  artifactKey: Guid(9eb5ecbe2584342adae2baeb73768795) Importer(815301076,1909f56bfc062723c751e8b465ee728b)
Start importing Assets/Sprites/Powerup.png using Guid(9eb5ecbe2584342adae2baeb73768795) Importer(815301076,1909f56bfc062723c751e8b465ee728b)  -> (artifact id: '147b96057c1cc4e9c6ddf56f49e247b4') in 0.022517 seconds 
  Import took 0.024796 seconds .

========================================================================
Received Import Request.
  Time since last request: 0.000274 seconds.
  path: Assets/Sprites/space-far-planets.png
  artifactKey: Guid(38cf65362eb0c4a618e889fd8bc80616) Importer(815301076,1909f56bfc062723c751e8b465ee728b)
Start importing Assets/Sprites/space-far-planets.png using Guid(38cf65362eb0c4a618e889fd8bc80616) Importer(815301076,1909f56bfc062723c751e8b465ee728b)  -> (artifact id: '63dd7ae2bab68caf6725c2b562ac31c3') in 0.020690 seconds 
  Import took 0.035778 seconds .

========================================================================
Received Import Request.
  Time since last request: 0.000299 seconds.
  path: Assets/Sprites/space-stars.png
  artifactKey: Guid(7e081b21729eb4eec8f434923cdbdb08) Importer(815301076,1909f56bfc062723c751e8b465ee728b)
Start importing Assets/Sprites/space-stars.png using Guid(7e081b21729eb4eec8f434923cdbdb08) Importer(815301076,1909f56bfc062723c751e8b465ee728b)  -> (artifact id: '514b0d385fce5b4d7cda0fc120d402bc') in 0.025173 seconds 
  Import took 0.028029 seconds .

========================================================================
Received Import Request.
  Time since last request: 0.000259 seconds.
  path: Assets/Sprites/space-big-planet.png
  artifactKey: Guid(b42edc9f48d77464c9fd8b2c67f0abc3) Importer(815301076,1909f56bfc062723c751e8b465ee728b)
Start importing Assets/Sprites/space-big-planet.png using Guid(b42edc9f48d77464c9fd8b2c67f0abc3) Importer(815301076,1909f56bfc062723c751e8b465ee728b)  -> (artifact id: 'a66fd5d78dc0a7cf2b7a94c28eb29d9f') in 0.028565 seconds 
  Import took 0.040045 seconds .

========================================================================
Received Import Request.
  Time since last request: 0.000273 seconds.
  path: Assets/Sprites/EnemySmallBullet.png
  artifactKey: Guid(a14f3b202c96b487da88a3ad889ad048) Importer(815301076,1909f56bfc062723c751e8b465ee728b)
Start importing Assets/Sprites/EnemySmallBullet.png using Guid(a14f3b202c96b487da88a3ad889ad048) Importer(815301076,1909f56bfc062723c751e8b465ee728b)  -> (artifact id: 'eac658a49dccb34331ea0185556c9ab1') in 0.022375 seconds 
  Import took 0.037062 seconds .

========================================================================
Received Import Request.
  Time since last request: 0.000296 seconds.
  path: Assets/Sprites/PixelEnemyDrone.png
  artifactKey: Guid(1b6a52fc2b6e64161aa6e9f56c97202d) Importer(815301076,1909f56bfc062723c751e8b465ee728b)
Start importing Assets/Sprites/PixelEnemyDrone.png using Guid(1b6a52fc2b6e64161aa6e9f56c97202d) Importer(815301076,1909f56bfc062723c751e8b465ee728b)  -> (artifact id: 'bffd55feaef6da4426039aea593fef63') in 0.020213 seconds 
  Import took 0.023016 seconds .

========================================================================
Received Import Request.
  Time since last request: 25.056819 seconds.
  path: Assets/BackGround
  artifactKey: Guid(413636ad560815e4491dbca379ad818b) Importer(815301076,1909f56bfc062723c751e8b465ee728b)
Start importing Assets/BackGround using Guid(413636ad560815e4491dbca379ad818b) Importer(815301076,1909f56bfc062723c751e8b465ee728b)  -> (artifact id: '21509232a6a981ef4639b005b9f496d3') in 0.005441 seconds 
  Import took 0.007891 seconds .

========================================================================
Received Import Request.
  Time since last request: 68.111373 seconds.
  path: Assets/BackGround/83250244_1506553656177017_3838029036798345216_n.jpg
  artifactKey: Guid(2d6e8dc6bd3e4324c9916bcfeefb6e14) Importer(815301076,1909f56bfc062723c751e8b465ee728b)
Start importing Assets/BackGround/83250244_1506553656177017_3838029036798345216_n.jpg using Guid(2d6e8dc6bd3e4324c9916bcfeefb6e14) Importer(815301076,1909f56bfc062723c751e8b465ee728b)  -> (artifact id: '91d6790ffd744a873e66191c41aaabcf') in 0.029756 seconds 
  Import took 0.084212 seconds .

========================================================================
Received Prepare
Registering precompiled user dll's ...
Registered in 0.002795 seconds.
Begin MonoManager ReloadAssembly
Native extension for WindowsStandalone target not found
Native extension for WebGL target not found
Refreshing native plugins compatible for Editor in 0.33 ms, found 2 plugins.
Preloading 0 native plugins for Editor in 0.00 ms.
Mono: successfully reloaded assembly
- Completed reload, in  0.916 seconds
Domain Reload Profiling:
	ReloadAssembly (916ms)
		BeginReloadAssembly (113ms)
			ExecutionOrderSort (0ms)
			DisableScriptedObjects (4ms)
			BackupInstance (0ms)
			ReleaseScriptingObjects (0ms)
			CreateAndSetChildDomain (34ms)
		EndReloadAssembly (740ms)
			LoadAssemblies (77ms)
			RebuildTransferFunctionScriptingTraits (0ms)
			SetupTypeCache (273ms)
			ReleaseScriptCaches (1ms)
			RebuildScriptCaches (40ms)
			SetupLoadedEditorAssemblies (262ms)
				LogAssemblyErrors (0ms)
				InitializePlatformSupportModulesInManaged (5ms)
				SetLoadedEditorAssemblies (0ms)
				RefreshPlugins (0ms)
				BeforeProcessingInitializeOnLoad (82ms)
				ProcessInitializeOnLoadAttributes (160ms)
				ProcessInitializeOnLoadMethodAttributes (7ms)
				AfterProcessingInitializeOnLoad (6ms)
				EditorAssembliesLoaded (0ms)
			ExecutionOrderSort2 (0ms)
			AwakeInstancesAfterBackupRestoration (6ms)
Platform modules already initialized, skipping
Refreshing native plugins compatible for Editor in 0.33 ms, found 2 plugins.
Preloading 0 native plugins for Editor in 0.00 ms.
Unloading 1503 Unused Serialized files (Serialized files now loaded: 0)
System memory in use before: 72.3 MB.
System memory in use after: 72.4 MB.

Unloading 14 unused Assets to reduce memory usage. Loaded Objects now: 1967.
Total: 2.912000 ms (FindLiveObjects: 0.164900 ms CreateObjectMapping: 0.043600 ms MarkObjects: 2.683000 ms  DeleteObjects: 0.019700 ms)

AssetImportParameters requested are different than current active one (requested -> active):
  custom:framework-win-MediaFoundation: 216162199b28c13a410421893ffa2e32 -> 
  custom:video-decoder-ogg-theora: a1e56fd34408186e4bbccfd4996cb3dc -> 
  custom:container-muxer-webm: aa71ff27fc2769a1b78a27578f13a17b -> 
  custom:container-demuxer-webm: 4f35f7cbe854078d1ac9338744f61a02 -> 
  custom:container-demuxer-ogg: 62fdf1f143b41e24485cea50d1cbac27 -> 
  custom:video-encoder-webm-vp8: eb34c28f22e8b96e1ab97ce403110664 -> 
  custom:video-decoder-webm-vp8: 9c59270c3fd7afecdb556c50c9e8de78 -> 
  custom:audio-decoder-ogg-vorbis: bf7c407c2cedff20999df2af8eb42d56 -> 
  custom:audio-encoder-webm-vorbis: bf7c407c2cedff20999df2af8eb42d56 -> 
========================================================================
Received Prepare
Registering precompiled user dll's ...
Registered in 0.002829 seconds.
Begin MonoManager ReloadAssembly
Native extension for WindowsStandalone target not found
Native extension for WebGL target not found
Refreshing native plugins compatible for Editor in 0.37 ms, found 2 plugins.
Preloading 0 native plugins for Editor in 0.00 ms.
Mono: successfully reloaded assembly
- Completed reload, in  1.071 seconds
Domain Reload Profiling:
	ReloadAssembly (1072ms)
		BeginReloadAssembly (109ms)
			ExecutionOrderSort (0ms)
			DisableScriptedObjects (4ms)
			BackupInstance (0ms)
			ReleaseScriptingObjects (0ms)
			CreateAndSetChildDomain (32ms)
		EndReloadAssembly (900ms)
			LoadAssemblies (83ms)
			RebuildTransferFunctionScriptingTraits (0ms)
			SetupTypeCache (299ms)
			ReleaseScriptCaches (1ms)
			RebuildScriptCaches (43ms)
			SetupLoadedEditorAssemblies (326ms)
				LogAssemblyErrors (0ms)
				InitializePlatformSupportModulesInManaged (7ms)
				SetLoadedEditorAssemblies (0ms)
				RefreshPlugins (0ms)
				BeforeProcessingInitializeOnLoad (128ms)
				ProcessInitializeOnLoadAttributes (176ms)
				ProcessInitializeOnLoadMethodAttributes (7ms)
				AfterProcessingInitializeOnLoad (6ms)
				EditorAssembliesLoaded (0ms)
			ExecutionOrderSort2 (0ms)
			AwakeInstancesAfterBackupRestoration (6ms)
Platform modules already initialized, skipping
Refreshing native plugins compatible for Editor in 0.38 ms, found 2 plugins.
Preloading 0 native plugins for Editor in 0.00 ms.
Unloading 1503 Unused Serialized files (Serialized files now loaded: 0)
System memory in use before: 72.3 MB.
System memory in use after: 72.4 MB.

Unloading 14 unused Assets to reduce memory usage. Loaded Objects now: 1969.
Total: 2.699300 ms (FindLiveObjects: 0.156400 ms CreateObjectMapping: 0.041300 ms MarkObjects: 2.483800 ms  DeleteObjects: 0.016800 ms)

AssetImportParameters requested are different than current active one (requested -> active):
  custom:framework-win-MediaFoundation: 216162199b28c13a410421893ffa2e32 -> 
  custom:video-decoder-ogg-theora: a1e56fd34408186e4bbccfd4996cb3dc -> 
  custom:container-muxer-webm: aa71ff27fc2769a1b78a27578f13a17b -> 
  custom:container-demuxer-webm: 4f35f7cbe854078d1ac9338744f61a02 -> 
  custom:container-demuxer-ogg: 62fdf1f143b41e24485cea50d1cbac27 -> 
  custom:video-encoder-webm-vp8: eb34c28f22e8b96e1ab97ce403110664 -> 
  custom:video-decoder-webm-vp8: 9c59270c3fd7afecdb556c50c9e8de78 -> 
  custom:audio-decoder-ogg-vorbis: bf7c407c2cedff20999df2af8eb42d56 -> 
  custom:audio-encoder-webm-vorbis: bf7c407c2cedff20999df2af8eb42d56 -> 
AssetImportWorkerClient::OnTransportError - code=2 error=End of file
